<?xml version="1.0" encoding="UTF-8"?>
<!-- Generated by org.testng.reporters.JUnitReportReporter -->
<testsuite hostname="Arjun" failures="0" tests="1" name="Practise.Time" time="0.051" errors="0" timestamp="2024-05-28T15:34:07 IST" skipped="0">
  <testcase classname="Practise.Time" name="getTime" time="0.051"/>
  <system-out/>
</testsuite> <!-- Practise.Time -->
